c:\users\user\desktop\hew4-2\debug\vc141.pdb
c:\users\user\desktop\hew4-2\debug\vc141.idb
c:\users\user\desktop\hew4-2\debug\score.obj
c:\users\user\desktop\hew4-2\debug\scene.obj
c:\users\user\desktop\hew4-2\debug\result.obj
c:\users\user\desktop\hew4-2\debug\ranksystem.obj
c:\users\user\desktop\hew4-2\debug\player.obj
c:\users\user\desktop\hew4-2\debug\particle.obj
c:\users\user\desktop\hew4-2\debug\mydirect3d.obj
c:\users\user\desktop\hew4-2\debug\meter.obj
c:\users\user\desktop\hew4-2\debug\main.obj
c:\users\user\desktop\hew4-2\debug\light.obj
c:\users\user\desktop\hew4-2\debug\input.obj
c:\users\user\desktop\hew4-2\debug\ground.obj
c:\users\user\desktop\hew4-2\debug\grid.obj
c:\users\user\desktop\hew4-2\debug\game.obj
c:\users\user\desktop\hew4-2\debug\fade.obj
c:\users\user\desktop\hew4-2\debug\drink.obj
c:\users\user\desktop\hew4-2\debug\debugproc.obj
c:\users\user\desktop\hew4-2\debug\camera2.obj
c:\users\user\desktop\hew4-2\debug\camera.obj
c:\users\user\desktop\hew4-2\debug\back_ground.obj
c:\users\user\desktop\hew4-2\debug\title.obj
c:\users\user\desktop\hew4-2\debug\texture.obj
c:\users\user\desktop\hew4-2\debug\sprite.obj
c:\users\user\desktop\hew4-2\debug\speedline.obj
c:\users\user\desktop\hew4-2\debug\skydome.obj
c:\users\user\desktop\hew4-2\debug\shadow.obj
c:\users\user\desktop\hew4-2\debug\hew4-2.exe
c:\users\user\desktop\hew4-2\debug\hew4-2.ilk
c:\users\user\desktop\hew4-2\debug\hew4-2.pdb
c:\users\user\desktop\hew4-2\debug\hew4-2.tlog\cl.command.1.tlog
c:\users\user\desktop\hew4-2\debug\hew4-2.tlog\cl.read.1.tlog
c:\users\user\desktop\hew4-2\debug\hew4-2.tlog\cl.write.1.tlog
c:\users\user\desktop\hew4-2\debug\hew4-2.tlog\link.command.1.tlog
c:\users\user\desktop\hew4-2\debug\hew4-2.tlog\link.read.1.tlog
c:\users\user\desktop\hew4-2\debug\hew4-2.tlog\link.write.1.tlog
