c:\users\user\desktop\hew4-2\release\vc141.pdb
c:\users\user\desktop\hew4-2\release\shadow.obj
c:\users\user\desktop\hew4-2\release\score.obj
c:\users\user\desktop\hew4-2\release\scene.obj
c:\users\user\desktop\hew4-2\release\result.obj
c:\users\user\desktop\hew4-2\release\player.obj
c:\users\user\desktop\hew4-2\release\particle.obj
c:\users\user\desktop\hew4-2\release\mydirect3d.obj
c:\users\user\desktop\hew4-2\release\meter.obj
c:\users\user\desktop\hew4-2\release\main.obj
c:\users\user\desktop\hew4-2\release\light.obj
c:\users\user\desktop\hew4-2\release\ground.obj
c:\users\user\desktop\hew4-2\release\grid.obj
c:\users\user\desktop\hew4-2\release\game.obj
c:\users\user\desktop\hew4-2\release\fade.obj
c:\users\user\desktop\hew4-2\release\drink.obj
c:\users\user\desktop\hew4-2\release\debugproc.obj
c:\users\user\desktop\hew4-2\release\camera2.obj
c:\users\user\desktop\hew4-2\release\camera.obj
c:\users\user\desktop\hew4-2\release\back_ground.obj
c:\users\user\desktop\hew4-2\release\ranksystem.obj
c:\users\user\desktop\hew4-2\release\title.obj
c:\users\user\desktop\hew4-2\release\texture.obj
c:\users\user\desktop\hew4-2\release\sprite.obj
c:\users\user\desktop\hew4-2\release\speedline.obj
c:\users\user\desktop\hew4-2\release\skydome.obj
c:\users\user\desktop\hew4-2\release\inputswitch.obj
c:\users\user\desktop\hew4-2\release\input.obj
c:\users\user\desktop\hew4-2\release\hew4-2.ipdb
c:\users\user\desktop\hew4-2\release\hew4-2.iobj
c:\users\user\desktop\hew4-2\release\hew4-2.exe
c:\users\user\desktop\hew4-2\release\hew4-2.pdb
c:\users\user\desktop\hew4-2\release\hew4-2.tlog\cl.command.1.tlog
c:\users\user\desktop\hew4-2\release\hew4-2.tlog\cl.read.1.tlog
c:\users\user\desktop\hew4-2\release\hew4-2.tlog\cl.write.1.tlog
c:\users\user\desktop\hew4-2\release\hew4-2.tlog\hew4-2.write.1u.tlog
c:\users\user\desktop\hew4-2\release\hew4-2.tlog\link.command.1.tlog
c:\users\user\desktop\hew4-2\release\hew4-2.tlog\link.read.1.tlog
c:\users\user\desktop\hew4-2\release\hew4-2.tlog\link.write.1.tlog
